<?xml version="1.0" encoding="UTF-8"?>
<testng-results ignored="0" total="1" passed="1" failed="0" skipped="0">
  <reporter-output>
  </reporter-output>
  <suite started-at="2026-05-07T23:29:13 IST" name="Default suite" finished-at="2026-05-07T23:29:43 IST" duration-ms="29450">
    <groups>
    </groups>
    <test started-at="2026-05-07T23:29:13 IST" name="Default test" finished-at="2026-05-07T23:29:43 IST" duration-ms="29450">
      <class name="testPackage.Test2">
        <test-method signature="a()[pri:0, instance:testPackage.Test2@5656be13]" started-at="2026-05-07T23:29:13 IST" name="a" finished-at="2026-05-07T23:29:43 IST" duration-ms="29374" status="PASS">
          <reporter-output>
          </reporter-output>
        </test-method> <!-- a -->
      </class> <!-- testPackage.Test2 -->
    </test> <!-- Default test -->
  </suite> <!-- Default suite -->
</testng-results>
